2015/08/21 20:13:33 INFO  - jmeter.util.JMeterUtils: Setting Locale to en_US 
2015/08/21 20:13:33 INFO  - jmeter.JMeter: Loading user properties from: /Users/lcabaceira/My-Library/Customers/jtests/project/jtests/Dependencies/bin/user.properties 
2015/08/21 20:13:33 INFO  - jmeter.JMeter: Loading system properties from: /Users/lcabaceira/My-Library/Customers/jtests/project/jtests/Dependencies/bin/system.properties 
2015/08/21 20:13:33 INFO  - jmeter.JMeter: Copyright (c) 1998-2015 The Apache Software Foundation 
2015/08/21 20:13:33 INFO  - jmeter.JMeter: Version 2.13 r1665067 
2015/08/21 20:13:33 INFO  - jmeter.JMeter: java.version=1.7.0_25 
2015/08/21 20:13:33 INFO  - jmeter.JMeter: java.vm.name=Java HotSpot(TM) 64-Bit Server VM 
2015/08/21 20:13:33 INFO  - jmeter.JMeter: os.name=Mac OS X 
2015/08/21 20:13:33 INFO  - jmeter.JMeter: os.arch=x86_64 
2015/08/21 20:13:33 INFO  - jmeter.JMeter: os.version=10.10.3 
2015/08/21 20:13:33 INFO  - jmeter.JMeter: file.encoding=UTF-8 
2015/08/21 20:13:33 INFO  - jmeter.JMeter: Default Locale=English (United States) 
2015/08/21 20:13:33 INFO  - jmeter.JMeter: JMeter  Locale=English (United States) 
2015/08/21 20:13:33 INFO  - jmeter.JMeter: JMeterHome=/Users/lcabaceira/My-Library/Customers/jtests/project/jtests/Dependencies 
2015/08/21 20:13:33 INFO  - jmeter.JMeter: user.dir  =/Users/lcabaceira/My-Library/Customers/jtests/project/jtests/jenkins/workspace/alfresco-create-users 
2015/08/21 20:13:33 INFO  - jmeter.JMeter: PWD       =/Users/lcabaceira/My-Library/Customers/jtests/project/jtests/jenkins/workspace/alfresco-create-users 
2015/08/21 20:13:33 INFO  - jmeter.JMeter: IP: 192.168.1.132 Name: LuisMacBookPro.lan FullName: luismacbookpro.lan 
2015/08/21 20:13:33 INFO  - jmeter.services.FileServer: Default base='/Users/lcabaceira/My-Library/Customers/jtests/project/jtests/jenkins/workspace/alfresco-create-users' 
2015/08/21 20:13:33 INFO  - jmeter.services.FileServer: Set new base='/Users/lcabaceira/My-Library/Customers/jtests/project/jtests/TestCases/createUsers' 
2015/08/21 20:13:33 INFO  - jmeter.save.SaveService: Testplan (JMX) version: 2.2. Testlog (JTL) version: 2.2 
2015/08/21 20:13:33 INFO  - jmeter.save.SaveService: Using SaveService properties file encoding UTF-8 
2015/08/21 20:13:33 INFO  - jmeter.save.SaveService: Using SaveService properties version 2.5 
2015/08/21 20:13:33 INFO  - jmeter.save.SaveService: Using SaveService properties file version 1519088 
2015/08/21 20:13:33 WARN  - jmeter.save.SaveService: Bad _version - expected 2.8, found 2.5. 
2015/08/21 20:13:33 INFO  - jmeter.save.SaveService: All converter versions present and correct 
2015/08/21 20:13:33 INFO  - jmeter.save.SaveService: Loading file: /Users/lcabaceira/My-Library/Customers/jtests/project/jtests/TestCases/createUsers/create_test_users.jmx 
2015/08/21 20:13:33 INFO  - jmeter.protocol.http.control.CookieManager: Settings: Delete null: true Check: true Allow variable: true Save: true Prefix: COOKIE_ 
2015/08/21 20:13:33 INFO  - jmeter.protocol.http.sampler.HTTPSamplerBase: Cannot find .className property for htmlParser, using default 
2015/08/21 20:13:33 INFO  - jmeter.protocol.http.sampler.HTTPSamplerBase: Parser for text/html is  
2015/08/21 20:13:33 INFO  - jmeter.protocol.http.sampler.HTTPSamplerBase: Parser for application/xhtml+xml is  
2015/08/21 20:13:33 INFO  - jmeter.protocol.http.sampler.HTTPSamplerBase: Parser for application/xml is  
2015/08/21 20:13:33 INFO  - jmeter.protocol.http.sampler.HTTPSamplerBase: Parser for text/xml is  
2015/08/21 20:13:33 INFO  - jmeter.protocol.http.sampler.HTTPSamplerBase: Parser for text/vnd.wap.wml is org.apache.jmeter.protocol.http.parser.RegexpHTMLParser 
2015/08/21 20:13:33 INFO  - jmeter.JMeter: Creating summariser <summary> 
2015/08/21 20:13:33 INFO  - jmeter.engine.StandardJMeterEngine: Listeners will be started after enabling running version 
2015/08/21 20:13:33 INFO  - jmeter.engine.StandardJMeterEngine: To revert to the earlier behaviour, define jmeterengine.startlistenerslater=false 
2015/08/21 20:13:33 INFO  - jmeter.engine.StandardJMeterEngine: Running the test! 
2015/08/21 20:13:33 INFO  - jmeter.samplers.SampleEvent: List of sample_variables: [] 
2015/08/21 20:13:33 INFO  - jmeter.samplers.SampleEvent: List of sample_variables: [] 
2015/08/21 20:13:33 INFO  - jmeter.engine.util.CompoundVariable: Note: Function class names must contain the string: '.functions.' 
2015/08/21 20:13:33 INFO  - jmeter.engine.util.CompoundVariable: Note: Function class names must not contain the string: '.gui.' 
2015/08/21 20:13:33 INFO  - jmeter.JMeter: Running test (1440184413870) 
2015/08/21 20:13:33 INFO  - jmeter.engine.StandardJMeterEngine: Starting ThreadGroup: 1 : SetUp 
2015/08/21 20:13:33 INFO  - jmeter.engine.StandardJMeterEngine: Starting 1 threads for group SetUp. 
2015/08/21 20:13:33 INFO  - jmeter.engine.StandardJMeterEngine: Thread will continue on error 
2015/08/21 20:13:33 INFO  - jmeter.threads.ThreadGroup: Starting thread group number 1 threads 1 ramp-up 0 perThread 0.0 delayedStart=false 
2015/08/21 20:13:33 INFO  - jmeter.threads.JMeterThread: jmeterthread.startearlier=true (see jmeter.properties) 
2015/08/21 20:13:33 INFO  - jmeter.threads.JMeterThread: Running PostProcessors in forward order 
2015/08/21 20:13:33 INFO  - jmeter.threads.ThreadGroup: Started thread group number 1 
2015/08/21 20:13:33 INFO  - jmeter.engine.StandardJMeterEngine: Waiting for thread group: SetUp to finish before starting next group 
2015/08/21 20:13:33 INFO  - jmeter.threads.JMeterThread: Thread started: SetUp 1-1 
2015/08/21 20:13:33 INFO  - jmeter.samplers.SampleResult: Note: Sample TimeStamps are START times 
2015/08/21 20:13:33 INFO  - jmeter.samplers.SampleResult: sampleresult.default.encoding is set to ISO-8859-1 
2015/08/21 20:13:33 INFO  - jmeter.samplers.SampleResult: sampleresult.useNanoTime=true 
2015/08/21 20:13:33 INFO  - jmeter.samplers.SampleResult: sampleresult.nanoThreadSleep=5000 
2015/08/21 20:13:33 INFO  - jmeter.reporters.Summariser: summary +      1 in   0.1s =   12.8/s Avg:    27 Min:    27 Max:    27 Err:     0 (0.00%) Active: 1 Started: 1 Finished: 0 
2015/08/21 20:13:33 INFO  - jmeter.threads.JMeterThread: Thread is done: SetUp 1-1 
2015/08/21 20:13:33 INFO  - jmeter.threads.JMeterThread: Thread finished: SetUp 1-1 
2015/08/21 20:13:33 INFO  - jmeter.engine.StandardJMeterEngine: Starting ThreadGroup: 2 : DeleteUsersIfExist 
2015/08/21 20:13:33 INFO  - jmeter.engine.StandardJMeterEngine: Starting 1 threads for group DeleteUsersIfExist. 
2015/08/21 20:13:33 INFO  - jmeter.engine.StandardJMeterEngine: Thread will continue on error 
2015/08/21 20:13:33 INFO  - jmeter.threads.ThreadGroup: Starting thread group number 2 threads 1 ramp-up 0 perThread 0.0 delayedStart=false 
2015/08/21 20:13:33 INFO  - jmeter.threads.ThreadGroup: Started thread group number 2 
2015/08/21 20:13:33 INFO  - jmeter.engine.StandardJMeterEngine: Waiting for thread group: DeleteUsersIfExist to finish before starting next group 
2015/08/21 20:13:33 INFO  - jmeter.threads.JMeterThread: Thread started: DeleteUsersIfExist 2-1 
2015/08/21 20:13:34 INFO  - jmeter.protocol.http.sampler.HTTPJavaImpl: Maximum connection retries = 10 
2015/08/21 20:13:35 ERROR - jmeter.protocol.http.sampler.HTTPJavaImpl: readResponse: java.io.IOException: Server returned HTTP response code: 405 for URL: http://192.168.101.207:8080/share/page/dologout 
2015/08/21 20:13:35 ERROR - jmeter.protocol.http.sampler.HTTPJavaImpl: Cause: java.io.IOException: Server returned HTTP response code: 405 for URL: http://192.168.101.207:8080/share/page/dologout 
2015/08/21 20:13:35 INFO  - jmeter.protocol.http.sampler.HTTPJavaImpl: Error Response Code: 405 
2015/08/21 20:13:35 INFO  - jmeter.threads.JMeterThread: Thread is done: DeleteUsersIfExist 2-1 
2015/08/21 20:13:35 INFO  - jmeter.threads.JMeterThread: Thread finished: DeleteUsersIfExist 2-1 
2015/08/21 20:13:35 INFO  - jmeter.engine.StandardJMeterEngine: Starting ThreadGroup: 3 : CreateTestUsers 
2015/08/21 20:13:35 INFO  - jmeter.engine.StandardJMeterEngine: Starting 1 threads for group CreateTestUsers. 
2015/08/21 20:13:35 INFO  - jmeter.engine.StandardJMeterEngine: Thread will continue on error 
2015/08/21 20:13:35 INFO  - jmeter.threads.ThreadGroup: Starting thread group number 3 threads 1 ramp-up 0 perThread 0.0 delayedStart=false 
2015/08/21 20:13:35 INFO  - jmeter.threads.ThreadGroup: Started thread group number 3 
2015/08/21 20:13:35 INFO  - jmeter.engine.StandardJMeterEngine: All thread groups have been started 
2015/08/21 20:13:35 INFO  - jmeter.threads.JMeterThread: Thread started: CreateTestUsers 3-1 
2015/08/21 20:13:36 ERROR - jmeter.protocol.http.sampler.HTTPJavaImpl: readResponse: java.io.IOException: Server returned HTTP response code: 405 for URL: http://192.168.101.207:8080/share/page/dologout 
2015/08/21 20:13:36 ERROR - jmeter.protocol.http.sampler.HTTPJavaImpl: Cause: java.io.IOException: Server returned HTTP response code: 405 for URL: http://192.168.101.207:8080/share/page/dologout 
2015/08/21 20:13:36 INFO  - jmeter.protocol.http.sampler.HTTPJavaImpl: Error Response Code: 405 
2015/08/21 20:13:36 INFO  - jmeter.threads.JMeterThread: Thread is done: CreateTestUsers 3-1 
2015/08/21 20:13:36 INFO  - jmeter.threads.JMeterThread: Thread finished: CreateTestUsers 3-1 
2015/08/21 20:13:36 INFO  - jmeter.engine.StandardJMeterEngine: Notifying test listeners of end of test 
2015/08/21 20:13:36 INFO  - jmeter.reporters.Summariser: summary +     20 in     3s =    7.0/s Avg:    32 Min:     2 Max:   115 Err:     4 (20.00%) Active: 0 Started: 3 Finished: 3 
2015/08/21 20:13:36 INFO  - jmeter.reporters.Summariser: summary =     21 in     3s =    7.2/s Avg:    32 Min:     2 Max:   115 Err:     4 (19.05%) 
