2015/12/14 12:39:57 INFO  - jmeter.util.JMeterUtils: Setting Locale to en_US 
2015/12/14 12:39:57 INFO  - jmeter.JMeter: Loading user properties from: /Users/lcabaceira/My-Library/Customers/jtests/project/jtests/Dependencies/jmeter/bin/user.properties 
2015/12/14 12:39:57 INFO  - jmeter.JMeter: Loading system properties from: /Users/lcabaceira/My-Library/Customers/jtests/project/jtests/Dependencies/jmeter/bin/system.properties 
2015/12/14 12:39:57 INFO  - jmeter.JMeter: Copyright (c) 1998-2015 The Apache Software Foundation 
2015/12/14 12:39:57 INFO  - jmeter.JMeter: Version r1719185 
2015/12/14 12:39:57 INFO  - jmeter.JMeter: java.version=1.8.0_31 
2015/12/14 12:39:57 INFO  - jmeter.JMeter: java.vm.name=Java HotSpot(TM) 64-Bit Server VM 
2015/12/14 12:39:57 INFO  - jmeter.JMeter: os.name=Mac OS X 
2015/12/14 12:39:57 INFO  - jmeter.JMeter: os.arch=x86_64 
2015/12/14 12:39:57 INFO  - jmeter.JMeter: os.version=10.10.5 
2015/12/14 12:39:57 INFO  - jmeter.JMeter: file.encoding=UTF-8 
2015/12/14 12:39:57 INFO  - jmeter.JMeter: Max memory     =3817865216 
2015/12/14 12:39:57 INFO  - jmeter.JMeter: Available Processors =8 
2015/12/14 12:39:57 INFO  - jmeter.JMeter: Default Locale=English (United States) 
2015/12/14 12:39:57 INFO  - jmeter.JMeter: JMeter  Locale=English (United States) 
2015/12/14 12:39:57 INFO  - jmeter.JMeter: JMeterHome=/Users/lcabaceira/My-Library/Customers/jtests/project/jtests/Dependencies/jmeter 
2015/12/14 12:39:57 INFO  - jmeter.JMeter: user.dir  =/Users/lcabaceira/My-Library/Customers/jtests/project/jtests/Dependencies/jmeter/bin 
2015/12/14 12:39:57 INFO  - jmeter.JMeter: PWD       =/Users/lcabaceira/My-Library/Customers/jtests/project/jtests/Dependencies/jmeter/bin 
2015/12/14 12:39:57 INFO  - jmeter.JMeter: IP: 192.168.1.132 Name: LuisMacBookPro.lan FullName: luismacbookpro.lan 
2015/12/14 12:39:57 INFO  - jmeter.gui.action.LookAndFeelCommand: Using look and feel: com.apple.laf.AquaLookAndFeel [Mac OS X, System] 
2015/12/14 12:39:57 INFO  - jmeter.JMeter: Loaded icon properties from org/apache/jmeter/images/icon.properties 
2015/12/14 12:40:01 INFO  - jmeter.engine.util.CompoundVariable: Note: Function class names must contain the string: '.functions.' 
2015/12/14 12:40:01 INFO  - jmeter.engine.util.CompoundVariable: Note: Function class names must not contain the string: '.gui.' 
2015/12/14 12:40:02 INFO  - jmeter.gui.util.MenuFactory: Skipping kg.apc.jmeter.config.VariablesFromCSVFile 
2015/12/14 12:40:02 WARN  - jmeter.gui.util.MenuFactory: Missing jar? Could not create kg.apc.jmeter.vizualizers.PerfMonGui. java.lang.NoClassDefFoundError: kg/apc/jmeter/perfmon/agent/AgentCommandsInterface 
2015/12/14 12:40:02 INFO  - jmeter.util.BSFTestElement: Registering JMeter version of JavaScript engine as work-round for BSF-22 
2015/12/14 12:40:02 INFO  - jmeter.protocol.http.sampler.HTTPSamplerBase: Cannot find .className property for htmlParser, using default 
2015/12/14 12:40:02 INFO  - jmeter.protocol.http.sampler.HTTPSamplerBase: Parser for text/html is  
2015/12/14 12:40:02 INFO  - jmeter.protocol.http.sampler.HTTPSamplerBase: Parser for application/xhtml+xml is  
2015/12/14 12:40:02 INFO  - jmeter.protocol.http.sampler.HTTPSamplerBase: Parser for application/xml is  
2015/12/14 12:40:02 INFO  - jmeter.protocol.http.sampler.HTTPSamplerBase: Parser for text/xml is  
2015/12/14 12:40:02 INFO  - jmeter.protocol.http.sampler.HTTPSamplerBase: Parser for text/vnd.wap.wml is org.apache.jmeter.protocol.http.parser.RegexpHTMLParser 
2015/12/14 12:40:02 INFO  - jmeter.gui.util.MenuFactory: Skipping org.apache.jmeter.protocol.http.control.gui.WebServiceSamplerGui 
2015/12/14 12:40:03 INFO  - jmeter.gui.util.MenuFactory: Skipping org.apache.jmeter.protocol.http.modifier.gui.ParamModifierGui 
2015/12/14 12:40:03 INFO  - jorphan.exec.KeyToolUtils: keytool found at 'keytool' 
2015/12/14 12:40:03 INFO  - jmeter.protocol.http.proxy.ProxyControl: HTTP(S) Test Script Recorder SSL Proxy will use keys that support embedded 3rd party resources in file /Users/lcabaceira/My-Library/Customers/jtests/project/jtests/Dependencies/jmeter/bin/proxyserver.jks 
2015/12/14 12:40:03 INFO  - jmeter.samplers.SampleResult: Note: Sample TimeStamps are START times 
2015/12/14 12:40:03 INFO  - jmeter.samplers.SampleResult: sampleresult.default.encoding is set to ISO-8859-1 
2015/12/14 12:40:03 INFO  - jmeter.samplers.SampleResult: sampleresult.useNanoTime=true 
2015/12/14 12:40:03 INFO  - jmeter.samplers.SampleResult: sampleresult.nanoThreadSleep=5000 
2015/12/14 12:41:41 INFO  - jmeter.services.FileServer: Default base='/Users/lcabaceira/My-Library/Customers/jtests/project/jtests/Dependencies/jmeter/bin' 
2015/12/14 12:41:41 INFO  - jmeter.gui.action.Load: Loading file: /Users/lcabaceira/My-Library/Customers/jtests/project/jtests/TestCases/cmis-jmeter-test/cmis-test-plan.jmx 
2015/12/14 12:41:41 INFO  - jmeter.services.FileServer: Set new base='/Users/lcabaceira/My-Library/Customers/jtests/project/jtests/TestCases/cmis-jmeter-test' 
2015/12/14 12:41:41 INFO  - jmeter.save.SaveService: Testplan (JMX) version: 2.2. Testlog (JTL) version: 2.2 
2015/12/14 12:41:41 INFO  - jmeter.save.SaveService: Using SaveService properties file encoding UTF-8 
2015/12/14 12:41:41 INFO  - jmeter.save.SaveService: Using SaveService properties version 2.9 
2015/12/14 12:41:41 INFO  - jmeter.save.SaveService: All converter versions present and correct 
2015/12/14 12:41:41 INFO  - jmeter.save.SaveService: Loading file: /Users/lcabaceira/My-Library/Customers/jtests/project/jtests/TestCases/cmis-jmeter-test/cmis-test-plan.jmx 
2015/12/14 12:41:42 INFO  - jmeter.services.FileServer: Set new base='/Users/lcabaceira/My-Library/Customers/jtests/project/jtests/TestCases/cmis-jmeter-test' 
