/*C1*/SET SCHEMA SYSTEM_LOBS
INSERT INTO BLOCKS VALUES(0,2147483647,0)
COMMIT
/*C3*/SET SCHEMA PUBLIC
CREATE SCHEMA CRYSTAL AUTHORIZATION SA
CREATE TABLE CRYSTAL.STG_JMETER_REPORTS (\u000a ELAPSED BIGINT,\u000a IDLETIME BIGINT,\u000a LATENCY BIGINT,\u000a CONNECT BIGINT,\u000a TIMESTAMP BIGINT,\u000a SUCCESS VARCHAR(128),\u000a LABEL VARCHAR(4096),\u000a RESPONSECODE BIGINT,\u000a RESPONSEMESSAGE VARCHAR(4096),\u000a THREADNAME VARCHAR(4096),\u000a DATATYPE VARCHAR(4096),\u000a ENCODING VARCHAR(4096),\u000a BYTES BIGINT,\u000a SAMPLECOUNT BIGINT,\u000a ERRORCOUNT BIGINT,\u000a GROUPTHREADS BIGINT,\u000a ALLTHREADS BIGINT,\u000a HOSTNAME VARCHAR(4096),\u000a FILENAME VARCHAR(4096)\u000a)
CREATE TABLE CRYSTAL.OPE_JMETER_REPORTS\u000a(\u000a ELAPSED BIGINT,\u000a IDLETIME BIGINT,\u000a LATENCY BIGINT,\u000a CONNECT BIGINT,\u000a DATETIME TIMESTAMP,\u000a SUCCESS VARCHAR(128),\u000a LABEL VARCHAR(4096),\u000a RESPONSECODE BIGINT,\u000a RESPONSEMESSAGE VARCHAR(4096),\u000a THREADNAME VARCHAR(4096),\u000a DATATYPE VARCHAR(4096),\u000a ENCODING VARCHAR(4096),\u000a BYTES BIGINT,\u000a SAMPLECOUNT BIGINT,\u000a ERRORCOUNT BIGINT,\u000a GROUPTHREADS BIGINT,\u000a ALLTHREADS BIGINT,\u000a HOSTNAME VARCHAR(4096),\u000a FILENAME VARCHAR(4096),\u000a TESTNAME VARCHAR(4096)\u000a)
CREATE TABLE CRYSTAL.DM_DIM_YEARS\u000a(\u000a ID SMALLINT NOT NULL,\u000a DESCRIPTION VARCHAR(8) NOT NULL,\u000a SRC_ID SMALLINT NOT NULL\u000a)
ALTER TABLE CRYSTAL.DM_DIM_YEARS ADD PRIMARY KEY (ID)
CREATE TABLE CRYSTAL.DM_DIM_MONTHS\u000a(\u000a ID DATE NOT NULL,\u000a DESCRIPTION VARCHAR(10) NOT NULL,\u000a FULL_DESCRIPTION VARCHAR(25) NOT NULL,\u000a YEAR_ID SMALLINT NOT NULL,\u000a SRC_ID DATE NOT NULL\u000a)
ALTER TABLE CRYSTAL.DM_DIM_MONTHS ADD PRIMARY KEY (ID)
ALTER TABLE CRYSTAL.DM_DIM_MONTHS ADD FOREIGN KEY (YEAR_ID) REFERENCES CRYSTAL.DM_DIM_YEARS(ID)
CREATE TABLE CRYSTAL.DM_DIM_DAYS\u000a(\u000a ID DATE NOT NULL,\u000a DESCRIPTION VARCHAR(10) NOT NULL,\u000a FULL_DESCRIPTION VARCHAR(25) NOT NULL,\u000a WEEK_DAY_DESCRIPTION VARCHAR(20) NOT NULL,\u000a WEEK_OF_YEAR SMALLINT NOT NULL,\u000a DAY_OF_WEEK SMALLINT NOT NULL,\u000a DAY_OF_MONTH SMALLINT NOT NULL,\u000a DAY_OF_YEAR SMALLINT NOT NULL,\u000a MONTH_ID DATE NOT NULL,\u000a SRC_ID DATE NOT NULL\u000a)
ALTER TABLE CRYSTAL.DM_DIM_DAYS ADD PRIMARY KEY (ID)
ALTER TABLE CRYSTAL.DM_DIM_DAYS ADD FOREIGN KEY (MONTH_ID) REFERENCES CRYSTAL.DM_DIM_MONTHS(ID)
CREATE TABLE CRYSTAL.DM_DIM_TESTS\u000a(\u000a ID INTEGER GENERATED BY DEFAULT AS IDENTITY (START WITH -1, INCREMENT BY 1) NOT NULL,\u000a DESCRIPTION VARCHAR(2048) NOT NULL,\u000a SRC_ID VARCHAR(2048) NOT NULL\u000a)
ALTER TABLE CRYSTAL.DM_DIM_TESTS ADD PRIMARY KEY (ID)
CREATE TABLE CRYSTAL.DM_DIM_HOSTS\u000a(\u000a ID INTEGER GENERATED BY DEFAULT AS IDENTITY (START WITH -1, INCREMENT BY 1) NOT NULL,\u000a DESCRIPTION VARCHAR(1024) NOT NULL,\u000a SRC_ID VARCHAR(1024) NOT NULL\u000a)
ALTER TABLE CRYSTAL.DM_DIM_HOSTS ADD PRIMARY KEY (ID)
CREATE TABLE CRYSTAL.DM_DIM_HOURS\u000a(\u000a ID SMALLINT NOT NULL,\u000a DESCRIPTION VARCHAR(10) NOT NULL,\u000a DESCRIPTION_AMPM VARCHAR(10) NOT NULL,\u000a SRC_ID SMALLINT NOT NULL\u000a)
ALTER TABLE CRYSTAL.DM_DIM_HOURS ADD PRIMARY KEY (ID)
CREATE TABLE CRYSTAL.DM_DIM_MINUTES\u000a(\u000a ID SMALLINT NOT NULL,\u000a DESCRIPTION VARCHAR(10) NOT NULL,\u000a DESCRIPTION_AMPM VARCHAR(10) NOT NULL,\u000a DESCRIPTION_IN_HOUR VARCHAR(10) NOT NULL,\u000a MINUTE_IN_HOUR TINYINT NOT NULL,\u000a HOUR_ID SMALLINT NOT NULL,\u000a SRC_ID SMALLINT NOT NULL\u000a)
ALTER TABLE CRYSTAL.DM_DIM_MINUTES ADD PRIMARY KEY (ID)
ALTER TABLE CRYSTAL.DM_DIM_MINUTES ADD FOREIGN KEY (HOUR_ID) REFERENCES CRYSTAL.DM_DIM_HOURS(ID)
CREATE TABLE CRYSTAL.DM_FACT_LOGS\u000a(\u000a TESTNAME_ID INTEGER NOT NULL,\u000a HOSTNAME_ID INTEGER NOT NULL,\u000a DAY_ID DATE NOT NULL,\u000a MINUTE_ID SMALLINT NOT NULL,\u000a SECOND TINYINT DEFAULT -1,\u000a MILLISECOND SMALLINT DEFAULT -1,\u000a THREADNAME VARCHAR(1024) DEFAULT 'Unknown',\u000a LABEL VARCHAR(1024) DEFAULT 'Unknown',\u000a SUCCESS VARCHAR(10) DEFAULT 'Unknown',\u000a ELAPSED BIGINT DEFAULT 0,\u000a IDLETIME BIGINT DEFAULT 0,\u000a LATENCY BIGINT DEFAULT 0,\u000a CONNECT BIGINT DEFAULT 0,\u000a BYTES BIGINT DEFAULT 0\u000a)
ALTER TABLE CRYSTAL.DM_FACT_LOGS ADD PRIMARY KEY (TESTNAME_ID, HOSTNAME_ID, DAY_ID, MINUTE_ID, SECOND, MILLISECOND)
ALTER TABLE CRYSTAL.DM_FACT_LOGS ADD FOREIGN KEY (TESTNAME_ID) REFERENCES CRYSTAL.DM_DIM_TESTS(ID)
ALTER TABLE CRYSTAL.DM_FACT_LOGS ADD FOREIGN KEY (HOSTNAME_ID) REFERENCES CRYSTAL.DM_DIM_HOSTS(ID)
ALTER TABLE CRYSTAL.DM_FACT_LOGS ADD FOREIGN KEY (DAY_ID) REFERENCES CRYSTAL.DM_DIM_DAYS(ID)
ALTER TABLE CRYSTAL.DM_FACT_LOGS ADD FOREIGN KEY (MINUTE_ID) REFERENCES CRYSTAL.DM_DIM_MINUTES(ID)
/*C2*/SET SCHEMA PUBLIC
DISCONNECT
/*C3*/DISCONNECT
