Aug 22, 2015 12:01:44 AM org.apache.catalina.core.StandardServer await
INFO: A valid shutdown command was received via the shutdown port. Stopping the Server instance.
Aug 22, 2015 12:01:44 AM org.apache.coyote.AbstractProtocol pause
INFO: Pausing ProtocolHandler ["http-bio-6080"]
Aug 22, 2015 12:01:44 AM org.apache.coyote.AbstractProtocol pause
INFO: Pausing ProtocolHandler ["ajp-bio-6009"]
Aug 22, 2015 12:01:44 AM org.apache.catalina.core.StandardService stopInternal
INFO: Stopping service Catalina
Aug 22, 2015 12:01:45 AM org.apache.catalina.loader.WebappClassLoader clearReferencesThreads
SEVERE: The web application [] appears to have started a thread named [/Library/Java/JavaVirtualMachines/jdk1.7.0_25.jdk/Contents/Home/jre/bin/java -cp /Users/lcabaceira/My-Library/Customers/jtests/project/jtests/jenkins/tomcat7/webapps/ROOT/WEB-INF/lib/remoting-2.52.jar hudson.remoting.Launcher -cp /Users/lcabaceira/My-Library/Customers/jtests/project/jtests/./jenkins/plugins/selenium/WEB-INF/lib/selenium-server-standalone-2.41.0.jar -connectTo localhost:64849: stdout copier] but has failed to stop it. This is very likely to create a memory leak.
Aug 22, 2015 12:01:45 AM org.apache.catalina.loader.WebappClassLoader clearReferencesThreads
SEVERE: The web application [] appears to have started a thread named [RemoteInvocationHandler [#1]] but has failed to stop it. This is very likely to create a memory leak.
Aug 22, 2015 12:01:45 AM org.apache.catalina.loader.WebappClassLoader checkThreadLocalMapForLeaks
SEVERE: The web application [] created a ThreadLocal with key of type [hudson.remoting.Channel.ThreadLastIoId] (value [hudson.remoting.Channel$ThreadLastIoId@39656856]) and a value of type [int[]] (value [[I@30a5038a]) but failed to remove it when the web application was stopped. Threads are going to be renewed over time to try and avoid a probable memory leak.
Aug 22, 2015 12:01:45 AM org.apache.catalina.loader.WebappClassLoader checkThreadLocalMapForLeaks
SEVERE: The web application [] created a ThreadLocal with key of type [org.kohsuke.stapler.Stapler$3] (value [org.kohsuke.stapler.Stapler$3@218b71f9]) and a value of type [java.text.SimpleDateFormat] (value [java.text.SimpleDateFormat@c4dc9900]) but failed to remove it when the web application was stopped. Threads are going to be renewed over time to try and avoid a probable memory leak.
Aug 22, 2015 12:01:45 AM org.apache.catalina.loader.WebappClassLoader checkThreadLocalMapForLeaks
SEVERE: The web application [] created a ThreadLocal with key of type [com.google.inject.internal.InjectorImpl$1] (value [com.google.inject.internal.InjectorImpl$1@49e7a3a3]) and a value of type [java.lang.Object[]] (value [[Ljava.lang.Object;@6a8483d]) but failed to remove it when the web application was stopped. Threads are going to be renewed over time to try and avoid a probable memory leak.
Aug 22, 2015 12:01:45 AM org.apache.catalina.loader.WebappClassLoader checkThreadLocalMapForLeaks
SEVERE: The web application [] created a ThreadLocal with key of type [java.lang.ThreadLocal] (value [java.lang.ThreadLocal@632d6155]) and a value of type [org.acegisecurity.context.SecurityContextImpl] (value [org.acegisecurity.context.SecurityContextImpl@ffffffff: Null authentication]) but failed to remove it when the web application was stopped. Threads are going to be renewed over time to try and avoid a probable memory leak.
Aug 22, 2015 12:01:45 AM org.apache.catalina.loader.WebappClassLoader checkThreadLocalMapForLeaks
SEVERE: The web application [] created a ThreadLocal with key of type [org.kohsuke.stapler.Stapler$3] (value [org.kohsuke.stapler.Stapler$3@218b71f9]) and a value of type [java.text.SimpleDateFormat] (value [java.text.SimpleDateFormat@c4dc9900]) but failed to remove it when the web application was stopped. Threads are going to be renewed over time to try and avoid a probable memory leak.
Aug 22, 2015 12:01:45 AM org.apache.catalina.loader.WebappClassLoader checkThreadLocalMapForLeaks
SEVERE: The web application [] created a ThreadLocal with key of type [java.lang.ThreadLocal] (value [java.lang.ThreadLocal@632d6155]) and a value of type [org.acegisecurity.context.SecurityContextImpl] (value [org.acegisecurity.context.SecurityContextImpl@ffffffff: Null authentication]) but failed to remove it when the web application was stopped. Threads are going to be renewed over time to try and avoid a probable memory leak.
Aug 22, 2015 12:01:45 AM org.apache.catalina.loader.WebappClassLoader checkThreadLocalMapForLeaks
SEVERE: The web application [] created a ThreadLocal with key of type [com.google.inject.internal.InjectorImpl$1] (value [com.google.inject.internal.InjectorImpl$1@49e7a3a3]) and a value of type [java.lang.Object[]] (value [[Ljava.lang.Object;@4d8ff6db]) but failed to remove it when the web application was stopped. Threads are going to be renewed over time to try and avoid a probable memory leak.
Aug 22, 2015 12:01:45 AM org.apache.catalina.loader.WebappClassLoader checkThreadLocalMapForLeaks
SEVERE: The web application [] created a ThreadLocal with key of type [org.kohsuke.stapler.Stapler$3] (value [org.kohsuke.stapler.Stapler$3@218b71f9]) and a value of type [java.text.SimpleDateFormat] (value [java.text.SimpleDateFormat@c4dc9900]) but failed to remove it when the web application was stopped. Threads are going to be renewed over time to try and avoid a probable memory leak.
Aug 22, 2015 12:01:45 AM org.apache.catalina.loader.WebappClassLoader checkThreadLocalMapForLeaks
SEVERE: The web application [] created a ThreadLocal with key of type [hudson.remoting.Channel.ThreadLastIoId] (value [hudson.remoting.Channel$ThreadLastIoId@39656856]) and a value of type [int[]] (value [[I@2697cba5]) but failed to remove it when the web application was stopped. Threads are going to be renewed over time to try and avoid a probable memory leak.
Aug 22, 2015 12:01:45 AM org.apache.catalina.loader.WebappClassLoader checkThreadLocalMapForLeaks
SEVERE: The web application [] created a ThreadLocal with key of type [java.lang.ThreadLocal] (value [java.lang.ThreadLocal@632d6155]) and a value of type [org.acegisecurity.context.SecurityContextImpl] (value [org.acegisecurity.context.SecurityContextImpl@ffffffff: Null authentication]) but failed to remove it when the web application was stopped. Threads are going to be renewed over time to try and avoid a probable memory leak.
Aug 22, 2015 12:01:45 AM org.apache.catalina.loader.WebappClassLoader checkThreadLocalMapForLeaks
SEVERE: The web application [] created a ThreadLocal with key of type [com.google.inject.internal.InjectorImpl$1] (value [com.google.inject.internal.InjectorImpl$1@49e7a3a3]) and a value of type [java.lang.Object[]] (value [[Ljava.lang.Object;@37bad16e]) but failed to remove it when the web application was stopped. Threads are going to be renewed over time to try and avoid a probable memory leak.
Aug 22, 2015 12:01:45 AM org.apache.catalina.loader.WebappClassLoader checkThreadLocalMapForLeaks
SEVERE: The web application [] created a ThreadLocal with key of type [org.kohsuke.stapler.Stapler$3] (value [org.kohsuke.stapler.Stapler$3@218b71f9]) and a value of type [java.text.SimpleDateFormat] (value [java.text.SimpleDateFormat@c4dc9900]) but failed to remove it when the web application was stopped. Threads are going to be renewed over time to try and avoid a probable memory leak.
Aug 22, 2015 12:01:45 AM org.apache.catalina.loader.WebappClassLoader checkThreadLocalMapForLeaks
SEVERE: The web application [] created a ThreadLocal with key of type [java.lang.ThreadLocal] (value [java.lang.ThreadLocal@632d6155]) and a value of type [org.acegisecurity.context.SecurityContextImpl] (value [org.acegisecurity.context.SecurityContextImpl@ffffffff: Null authentication]) but failed to remove it when the web application was stopped. Threads are going to be renewed over time to try and avoid a probable memory leak.
Aug 22, 2015 12:01:45 AM org.apache.catalina.loader.WebappClassLoader checkThreadLocalMapForLeaks
SEVERE: The web application [] created a ThreadLocal with key of type [com.google.inject.internal.InjectorImpl$1] (value [com.google.inject.internal.InjectorImpl$1@49e7a3a3]) and a value of type [java.lang.Object[]] (value [[Ljava.lang.Object;@4a0ba957]) but failed to remove it when the web application was stopped. Threads are going to be renewed over time to try and avoid a probable memory leak.
Aug 22, 2015 12:01:45 AM org.apache.catalina.loader.WebappClassLoader checkThreadLocalMapForLeaks
SEVERE: The web application [] created a ThreadLocal with key of type [org.kohsuke.stapler.Stapler$3] (value [org.kohsuke.stapler.Stapler$3@218b71f9]) and a value of type [java.text.SimpleDateFormat] (value [java.text.SimpleDateFormat@c4dc9900]) but failed to remove it when the web application was stopped. Threads are going to be renewed over time to try and avoid a probable memory leak.
Aug 22, 2015 12:01:45 AM org.apache.catalina.loader.WebappClassLoader checkThreadLocalMapForLeaks
SEVERE: The web application [] created a ThreadLocal with key of type [java.lang.ThreadLocal] (value [java.lang.ThreadLocal@632d6155]) and a value of type [org.acegisecurity.context.SecurityContextImpl] (value [org.acegisecurity.context.SecurityContextImpl@ffffffff: Null authentication]) but failed to remove it when the web application was stopped. Threads are going to be renewed over time to try and avoid a probable memory leak.
Aug 22, 2015 12:01:45 AM org.apache.catalina.loader.WebappClassLoader checkThreadLocalMapForLeaks
SEVERE: The web application [] created a ThreadLocal with key of type [com.google.inject.internal.InjectorImpl$1] (value [com.google.inject.internal.InjectorImpl$1@49e7a3a3]) and a value of type [java.lang.Object[]] (value [[Ljava.lang.Object;@439ab4bb]) but failed to remove it when the web application was stopped. Threads are going to be renewed over time to try and avoid a probable memory leak.
Aug 22, 2015 12:01:45 AM org.apache.catalina.loader.WebappClassLoader checkThreadLocalMapForLeaks
SEVERE: The web application [] created a ThreadLocal with key of type [org.kohsuke.stapler.Stapler$3] (value [org.kohsuke.stapler.Stapler$3@218b71f9]) and a value of type [java.text.SimpleDateFormat] (value [java.text.SimpleDateFormat@c4dc9900]) but failed to remove it when the web application was stopped. Threads are going to be renewed over time to try and avoid a probable memory leak.
Aug 22, 2015 12:01:45 AM org.apache.catalina.loader.WebappClassLoader checkThreadLocalMapForLeaks
SEVERE: The web application [] created a ThreadLocal with key of type [java.lang.ThreadLocal] (value [java.lang.ThreadLocal@632d6155]) and a value of type [org.acegisecurity.context.SecurityContextImpl] (value [org.acegisecurity.context.SecurityContextImpl@ffffffff: Null authentication]) but failed to remove it when the web application was stopped. Threads are going to be renewed over time to try and avoid a probable memory leak.
Aug 22, 2015 12:01:45 AM org.apache.catalina.loader.WebappClassLoader checkThreadLocalMapForLeaks
SEVERE: The web application [] created a ThreadLocal with key of type [com.google.inject.internal.InjectorImpl$1] (value [com.google.inject.internal.InjectorImpl$1@49e7a3a3]) and a value of type [java.lang.Object[]] (value [[Ljava.lang.Object;@61cf83a9]) but failed to remove it when the web application was stopped. Threads are going to be renewed over time to try and avoid a probable memory leak.
Aug 22, 2015 12:01:45 AM org.apache.catalina.loader.WebappClassLoader checkThreadLocalMapForLeaks
SEVERE: The web application [] created a ThreadLocal with key of type [org.kohsuke.stapler.Stapler$3] (value [org.kohsuke.stapler.Stapler$3@218b71f9]) and a value of type [java.text.SimpleDateFormat] (value [java.text.SimpleDateFormat@c4dc9900]) but failed to remove it when the web application was stopped. Threads are going to be renewed over time to try and avoid a probable memory leak.
Aug 22, 2015 12:01:45 AM org.apache.catalina.loader.WebappClassLoader checkThreadLocalMapForLeaks
SEVERE: The web application [] created a ThreadLocal with key of type [java.lang.ThreadLocal] (value [java.lang.ThreadLocal@632d6155]) and a value of type [org.acegisecurity.context.SecurityContextImpl] (value [org.acegisecurity.context.SecurityContextImpl@ffffffff: Null authentication]) but failed to remove it when the web application was stopped. Threads are going to be renewed over time to try and avoid a probable memory leak.
Aug 22, 2015 12:01:45 AM org.apache.catalina.loader.WebappClassLoader checkThreadLocalMapForLeaks
SEVERE: The web application [] created a ThreadLocal with key of type [com.google.inject.internal.InjectorImpl$1] (value [com.google.inject.internal.InjectorImpl$1@49e7a3a3]) and a value of type [java.lang.Object[]] (value [[Ljava.lang.Object;@7eccfe69]) but failed to remove it when the web application was stopped. Threads are going to be renewed over time to try and avoid a probable memory leak.
Aug 22, 2015 12:01:45 AM org.apache.catalina.loader.WebappClassLoader checkThreadLocalMapForLeaks
SEVERE: The web application [] created a ThreadLocal with key of type [org.kohsuke.stapler.Stapler$3] (value [org.kohsuke.stapler.Stapler$3@218b71f9]) and a value of type [java.text.SimpleDateFormat] (value [java.text.SimpleDateFormat@c4dc9900]) but failed to remove it when the web application was stopped. Threads are going to be renewed over time to try and avoid a probable memory leak.
Aug 22, 2015 12:01:45 AM org.apache.catalina.loader.WebappClassLoader checkThreadLocalMapForLeaks
SEVERE: The web application [] created a ThreadLocal with key of type [java.lang.ThreadLocal] (value [java.lang.ThreadLocal@632d6155]) and a value of type [org.acegisecurity.context.SecurityContextImpl] (value [org.acegisecurity.context.SecurityContextImpl@ffffffff: Null authentication]) but failed to remove it when the web application was stopped. Threads are going to be renewed over time to try and avoid a probable memory leak.
Aug 22, 2015 12:01:45 AM org.apache.catalina.loader.WebappClassLoader checkThreadLocalMapForLeaks
SEVERE: The web application [] created a ThreadLocal with key of type [com.google.inject.internal.InjectorImpl$1] (value [com.google.inject.internal.InjectorImpl$1@49e7a3a3]) and a value of type [java.lang.Object[]] (value [[Ljava.lang.Object;@4452e088]) but failed to remove it when the web application was stopped. Threads are going to be renewed over time to try and avoid a probable memory leak.
Aug 22, 2015 12:01:45 AM org.apache.catalina.loader.WebappClassLoader checkThreadLocalMapForLeaks
SEVERE: The web application [] created a ThreadLocal with key of type [org.kohsuke.stapler.Stapler$3] (value [org.kohsuke.stapler.Stapler$3@218b71f9]) and a value of type [java.text.SimpleDateFormat] (value [java.text.SimpleDateFormat@c4dc9900]) but failed to remove it when the web application was stopped. Threads are going to be renewed over time to try and avoid a probable memory leak.
Aug 22, 2015 12:01:45 AM org.apache.catalina.loader.WebappClassLoader checkThreadLocalMapForLeaks
SEVERE: The web application [] created a ThreadLocal with key of type [java.lang.ThreadLocal] (value [java.lang.ThreadLocal@632d6155]) and a value of type [org.acegisecurity.context.SecurityContextImpl] (value [org.acegisecurity.context.SecurityContextImpl@ffffffff: Null authentication]) but failed to remove it when the web application was stopped. Threads are going to be renewed over time to try and avoid a probable memory leak.
Aug 22, 2015 12:01:45 AM org.apache.catalina.loader.WebappClassLoader checkThreadLocalMapForLeaks
SEVERE: The web application [] created a ThreadLocal with key of type [com.google.inject.internal.InjectorImpl$1] (value [com.google.inject.internal.InjectorImpl$1@49e7a3a3]) and a value of type [java.lang.Object[]] (value [[Ljava.lang.Object;@1d1323c3]) but failed to remove it when the web application was stopped. Threads are going to be renewed over time to try and avoid a probable memory leak.
Aug 22, 2015 12:01:45 AM org.apache.catalina.loader.WebappClassLoader checkThreadLocalMapForLeaks
SEVERE: The web application [] created a ThreadLocal with key of type [org.kohsuke.stapler.Stapler$3] (value [org.kohsuke.stapler.Stapler$3@218b71f9]) and a value of type [java.text.SimpleDateFormat] (value [java.text.SimpleDateFormat@c4dc9900]) but failed to remove it when the web application was stopped. Threads are going to be renewed over time to try and avoid a probable memory leak.
Aug 22, 2015 12:01:45 AM org.apache.catalina.loader.WebappClassLoader checkThreadLocalMapForLeaks
SEVERE: The web application [] created a ThreadLocal with key of type [java.lang.ThreadLocal] (value [java.lang.ThreadLocal@632d6155]) and a value of type [org.acegisecurity.context.SecurityContextImpl] (value [org.acegisecurity.context.SecurityContextImpl@ffffffff: Null authentication]) but failed to remove it when the web application was stopped. Threads are going to be renewed over time to try and avoid a probable memory leak.
Aug 22, 2015 12:01:45 AM org.apache.catalina.loader.WebappClassLoader checkThreadLocalMapForLeaks
SEVERE: The web application [] created a ThreadLocal with key of type [com.google.inject.internal.InjectorImpl$1] (value [com.google.inject.internal.InjectorImpl$1@49e7a3a3]) and a value of type [java.lang.Object[]] (value [[Ljava.lang.Object;@5390e61e]) but failed to remove it when the web application was stopped. Threads are going to be renewed over time to try and avoid a probable memory leak.
Aug 22, 2015 12:01:45 AM org.apache.catalina.loader.WebappClassLoader checkThreadLocalMapForLeaks
SEVERE: The web application [] created a ThreadLocal with key of type [java.lang.ThreadLocal] (value [java.lang.ThreadLocal@632d6155]) and a value of type [org.acegisecurity.context.SecurityContextImpl] (value [org.acegisecurity.context.SecurityContextImpl@ffffffff: Null authentication]) but failed to remove it when the web application was stopped. Threads are going to be renewed over time to try and avoid a probable memory leak.
Aug 22, 2015 12:01:45 AM org.apache.coyote.AbstractProtocol stop
INFO: Stopping ProtocolHandler ["http-bio-6080"]
Aug 22, 2015 12:01:45 AM org.apache.coyote.AbstractProtocol stop
INFO: Stopping ProtocolHandler ["ajp-bio-6009"]
Aug 22, 2015 12:01:45 AM org.apache.coyote.AbstractProtocol destroy
INFO: Destroying ProtocolHandler ["http-bio-6080"]
Aug 22, 2015 12:01:45 AM org.apache.coyote.AbstractProtocol destroy
INFO: Destroying ProtocolHandler ["ajp-bio-6009"]
